2025-09-26T11:21:12.817+09:00  INFO 17608 --- [sboard] [Test worker] kr.co.sboard.SboardApplicationTests      : Starting SboardApplicationTests using Java 17.0.16 with PID 17608 (started by GGG in C:\Users\GGG\Desktop\Workspace\sboard)
2025-09-26T11:21:12.824+09:00  INFO 17608 --- [sboard] [Test worker] kr.co.sboard.SboardApplicationTests      : No active profile set, falling back to 1 default profile: "default"
2025-09-26T11:21:13.614+09:00  INFO 17608 --- [sboard] [Test worker] .s.d.r.c.RepositoryConfigurationDelegate : Bootstrapping Spring Data JPA repositories in DEFAULT mode.
2025-09-26T11:21:13.639+09:00  INFO 17608 --- [sboard] [Test worker] .s.d.r.c.RepositoryConfigurationDelegate : Finished Spring Data repository scanning in 10 ms. Found 0 JPA repository interfaces.
2025-09-26T11:21:13.812+09:00  WARN 17608 --- [sboard] [Test worker] o.m.s.mapper.ClassPathMapperScanner      : No MyBatis mapper was found in '[kr.co.sboard]' package. Please check your configuration.
2025-09-26T11:21:14.328+09:00  INFO 17608 --- [sboard] [Test worker] o.hibernate.jpa.internal.util.LogHelper  : HHH000204: Processing PersistenceUnitInfo [name: default]
2025-09-26T11:21:14.400+09:00  INFO 17608 --- [sboard] [Test worker] org.hibernate.Version                    : HHH000412: Hibernate ORM core version 6.6.29.Final
2025-09-26T11:21:14.452+09:00  INFO 17608 --- [sboard] [Test worker] o.h.c.internal.RegionFactoryInitiator    : HHH000026: Second-level cache disabled
2025-09-26T11:21:14.857+09:00  INFO 17608 --- [sboard] [Test worker] o.s.o.j.p.SpringPersistenceUnitInfo      : No LoadTimeWeaver setup: ignoring JPA class transformer
2025-09-26T11:21:14.890+09:00  INFO 17608 --- [sboard] [Test worker] com.zaxxer.hikari.HikariDataSource       : HikariPool-1 - Starting...
2025-09-26T11:21:14.898+09:00  WARN 17608 --- [sboard] [Test worker] c.zaxxer.hikari.util.DriverDataSource    : Registered driver with driverClassName=oracle.jdbc.driver.OracleDriver was not found, trying direct instantiation.
2025-09-26T11:21:15.436+09:00  INFO 17608 --- [sboard] [Test worker] com.zaxxer.hikari.pool.HikariPool        : HikariPool-1 - Added connection oracle.jdbc.driver.T4CConnection@280d6a20
2025-09-26T11:21:15.439+09:00  INFO 17608 --- [sboard] [Test worker] com.zaxxer.hikari.HikariDataSource       : HikariPool-1 - Start completed.
2025-09-26T11:21:15.825+09:00  INFO 17608 --- [sboard] [Test worker] org.hibernate.orm.connections.pooling    : HHH10001005: Database info:
	Database JDBC URL [Connecting through datasource 'HikariDataSource (HikariPool-1)']
	Database driver: undefined/unknown
	Database version: 21.3
	Autocommit mode: undefined/unknown
	Isolation level: undefined/unknown
	Minimum pool size: undefined/unknown
	Maximum pool size: undefined/unknown
2025-09-26T11:21:16.192+09:00  INFO 17608 --- [sboard] [Test worker] o.h.e.t.j.p.i.JtaPlatformInitiator       : HHH000489: No JTA platform available (set 'hibernate.transaction.jta.platform' to enable JTA platform integration)
2025-09-26T11:21:16.198+09:00  INFO 17608 --- [sboard] [Test worker] j.LocalContainerEntityManagerFactoryBean : Initialized JPA EntityManagerFactory for persistence unit 'default'
2025-09-26T11:21:16.371+09:00  WARN 17608 --- [sboard] [Test worker] JpaBaseConfiguration$JpaWebConfiguration : spring.jpa.open-in-view is enabled by default. Therefore, database queries may be performed during view rendering. Explicitly configure spring.jpa.open-in-view to disable this warning
2025-09-26T11:21:16.408+09:00  INFO 17608 --- [sboard] [Test worker] o.s.b.a.w.s.WelcomePageHandlerMapping    : Adding welcome page template: index
2025-09-26T11:21:16.995+09:00  WARN 17608 --- [sboard] [Test worker] .s.s.UserDetailsServiceAutoConfiguration : 

Using generated security password: 720b46d7-0131-46de-95b1-2d63adb7dd6e

This generated password is for development use only. Your security configuration must be updated before running your application in production.

2025-09-26T11:21:17.006+09:00  INFO 17608 --- [sboard] [Test worker] r$InitializeUserDetailsManagerConfigurer : Global AuthenticationManager configured with UserDetailsService bean with name inMemoryUserDetailsManager
2025-09-26T11:21:17.191+09:00  INFO 17608 --- [sboard] [Test worker] kr.co.sboard.SboardApplicationTests      : Started SboardApplicationTests in 4.812 seconds (process running for 6.252)
2025-09-26T11:21:17.828+09:00  INFO 17608 --- [sboard] [SpringApplicationShutdownHook] j.LocalContainerEntityManagerFactoryBean : Closing JPA EntityManagerFactory for persistence unit 'default'
2025-09-26T11:21:17.832+09:00  INFO 17608 --- [sboard] [SpringApplicationShutdownHook] com.zaxxer.hikari.HikariDataSource       : HikariPool-1 - Shutdown initiated...
2025-09-26T11:21:17.976+09:00  INFO 17608 --- [sboard] [SpringApplicationShutdownHook] com.zaxxer.hikari.HikariDataSource       : HikariPool-1 - Shutdown completed.
